<?xml version="1.0" encoding="UTF-8"?>
<coverage generated="1604593150544" clover="3.2.0">
  <project timestamp="1604593150544" name="All files">
    <metrics statements="54" coveredstatements="50" conditionals="27" coveredconditionals="23" methods="14" coveredmethods="14" elements="95" coveredelements="87" complexity="0" loc="54" ncloc="54" packages="1" files="3" classes="3"/>
    <file name="gilded_rose.js" path="/Users/student/Makers/week10/GildedRose-Refactoring-Kata/js-jest/src/gilded_rose.js">
      <metrics statements="5" coveredstatements="5" conditionals="1" coveredconditionals="0" methods="2" coveredmethods="2"/>
      <line num="1" count="1" type="stmt"/>
      <line num="5" count="11" type="stmt"/>
      <line num="8" count="11" type="stmt"/>
      <line num="10" count="11" type="stmt"/>
      <line num="13" count="1" type="stmt"/>
    </file>
    <file name="item.js" path="/Users/student/Makers/week10/GildedRose-Refactoring-Kata/js-jest/src/item.js">
      <metrics statements="4" coveredstatements="4" conditionals="0" coveredconditionals="0" methods="1" coveredmethods="1"/>
      <line num="3" count="11" type="stmt"/>
      <line num="4" count="11" type="stmt"/>
      <line num="5" count="11" type="stmt"/>
      <line num="9" count="1" type="stmt"/>
    </file>
    <file name="updateItemQuality.js" path="/Users/student/Makers/week10/GildedRose-Refactoring-Kata/js-jest/src/updateItemQuality.js">
      <metrics statements="45" coveredstatements="41" conditionals="26" coveredconditionals="23" methods="11" coveredmethods="11"/>
      <line num="1" count="1" type="stmt"/>
      <line num="6" count="11" type="cond" truecount="2" falsecount="0"/>
      <line num="7" count="1" type="stmt"/>
      <line num="9" count="10" type="stmt"/>
      <line num="12" count="10" type="cond" truecount="2" falsecount="0"/>
      <line num="13" count="5" type="stmt"/>
      <line num="14" count="5" type="stmt"/>
      <line num="17" count="5" type="cond" truecount="2" falsecount="0"/>
      <line num="18" count="2" type="stmt"/>
      <line num="19" count="2" type="stmt"/>
      <line num="21" count="3" type="stmt"/>
      <line num="22" count="3" type="stmt"/>
      <line num="26" count="2" type="cond" truecount="2" falsecount="0"/>
      <line num="27" count="1" type="stmt"/>
      <line num="28" count="1" type="stmt"/>
      <line num="30" count="1" type="stmt"/>
      <line num="31" count="1" type="stmt"/>
      <line num="35" count="5" type="cond" truecount="2" falsecount="0"/>
      <line num="36" count="1" type="stmt"/>
      <line num="37" count="1" type="stmt"/>
      <line num="39" count="4" type="cond" truecount="2" falsecount="0"/>
      <line num="40" count="3" type="stmt"/>
      <line num="41" count="3" type="stmt"/>
      <line num="43" count="1" type="stmt"/>
      <line num="49" count="10" type="stmt"/>
      <line num="53" count="3" type="cond" truecount="2" falsecount="0"/>
      <line num="54" count="1" type="cond" truecount="1" falsecount="1"/>
      <line num="55" count="0" type="stmt"/>
      <line num="56" count="0" type="stmt"/>
      <line num="58" count="1" type="cond" truecount="1" falsecount="1"/>
      <line num="59" count="0" type="stmt"/>
      <line num="60" count="0" type="stmt"/>
      <line num="63" count="1" type="stmt"/>
      <line num="70" count="3" type="cond" truecount="2" falsecount="0"/>
      <line num="71" count="2" type="stmt"/>
      <line num="73" count="3" type="cond" truecount="2" falsecount="0"/>
      <line num="74" count="1" type="stmt"/>
      <line num="79" count="4" type="cond" truecount="2" falsecount="0"/>
      <line num="80" count="3" type="stmt"/>
      <line num="86" count="3" type="cond" truecount="1" falsecount="1"/>
      <line num="87" count="3" type="stmt"/>
      <line num="92" count="11" type="stmt"/>
      <line num="96" count="6" type="stmt"/>
      <line num="99" count="11" type="stmt"/>
      <line num="102" count="1" type="stmt"/>
    </file>
  </project>
</coverage>
