{"/Users/student/Makers/week10/GildedRose-Refactoring-Kata/js-jest/src/gilded_rose.js": {"path":"/Users/student/Makers/week10/GildedRose-Refactoring-Kata/js-jest/src/gilded_rose.js","statementMap":{"0":{"start":{"line":1,"column":26},"end":{"line":1,"column":56}},"1":{"start":{"line":5,"column":4},"end":{"line":5,"column":23}},"2":{"start":{"line":8,"column":4},"end":{"line":8,"column":59}},"3":{"start":{"line":10,"column":4},"end":{"line":10,"column":22}},"4":{"start":{"line":13,"column":0},"end":{"line":13,"column":22}}},"fnMap":{"0":{"name":"(anonymous_0)","decl":{"start":{"line":4,"column":2},"end":{"line":4,"column":3}},"loc":{"start":{"line":4,"column":26},"end":{"line":6,"column":3}},"line":4},"1":{"name":"(anonymous_1)","decl":{"start":{"line":7,"column":2},"end":{"line":7,"column":3}},"loc":{"start":{"line":7,"column":18},"end":{"line":11,"column":3}},"line":7}},"branchMap":{"0":{"loc":{"start":{"line":4,"column":14},"end":{"line":4,"column":24}},"type":"default-arg","locations":[{"start":{"line":4,"column":22},"end":{"line":4,"column":24}}],"line":4}},"s":{"0":1,"1":11,"2":11,"3":11,"4":1},"f":{"0":11,"1":11},"b":{"0":[0]},"_coverageSchema":"43e27e138ebf9cfc5966b082cf9a028302ed4184","hash":"fffe0e4c3edefd22517e48b9daf499e307faffdf"}
,"/Users/student/Makers/week10/GildedRose-Refactoring-Kata/js-jest/src/item.js": {"path":"/Users/student/Makers/week10/GildedRose-Refactoring-Kata/js-jest/src/item.js","statementMap":{"0":{"start":{"line":3,"column":4},"end":{"line":3,"column":21}},"1":{"start":{"line":4,"column":4},"end":{"line":4,"column":25}},"2":{"start":{"line":5,"column":4},"end":{"line":5,"column":27}},"3":{"start":{"line":9,"column":0},"end":{"line":9,"column":22}}},"fnMap":{"0":{"name":"(anonymous_0)","decl":{"start":{"line":2,"column":2},"end":{"line":2,"column":3}},"loc":{"start":{"line":2,"column":36},"end":{"line":6,"column":3}},"line":2}},"branchMap":{},"s":{"0":11,"1":11,"2":11,"3":1},"f":{"0":11},"b":{},"_coverageSchema":"43e27e138ebf9cfc5966b082cf9a028302ed4184","hash":"8fa4037f0e455a3d8bf8970eb5a77d761bc22d4c"}
,"/Users/student/Makers/week10/GildedRose-Refactoring-Kata/js-jest/src/updateItemQuality.js": {"path":"/Users/student/Makers/week10/GildedRose-Refactoring-Kata/js-jest/src/updateItemQuality.js","statementMap":{"0":{"start":{"line":1,"column":12},"end":{"line":1,"column":14}},"1":{"start":{"line":6,"column":4},"end":{"line":8,"column":5}},"2":{"start":{"line":7,"column":6},"end":{"line":7,"column":12}},"3":{"start":{"line":9,"column":4},"end":{"line":9,"column":25}},"4":{"start":{"line":12,"column":4},"end":{"line":15,"column":5}},"5":{"start":{"line":13,"column":6},"end":{"line":13,"column":24}},"6":{"start":{"line":14,"column":6},"end":{"line":14,"column":12}},"7":{"start":{"line":17,"column":4},"end":{"line":20,"column":5}},"8":{"start":{"line":18,"column":6},"end":{"line":18,"column":22}},"9":{"start":{"line":19,"column":6},"end":{"line":19,"column":12}},"10":{"start":{"line":21,"column":4},"end":{"line":21,"column":21}},"11":{"start":{"line":22,"column":4},"end":{"line":22,"column":26}},"12":{"start":{"line":26,"column":2},"end":{"line":29,"column":3}},"13":{"start":{"line":27,"column":4},"end":{"line":27,"column":19}},"14":{"start":{"line":28,"column":4},"end":{"line":28,"column":10}},"15":{"start":{"line":30,"column":2},"end":{"line":30,"column":20}},"16":{"start":{"line":31,"column":2},"end":{"line":31,"column":8}},"17":{"start":{"line":35,"column":6},"end":{"line":38,"column":7}},"18":{"start":{"line":36,"column":8},"end":{"line":36,"column":24}},"19":{"start":{"line":37,"column":8},"end":{"line":37,"column":14}},"20":{"start":{"line":39,"column":6},"end":{"line":44,"column":7}},"21":{"start":{"line":40,"column":8},"end":{"line":40,"column":23}},"22":{"start":{"line":41,"column":8},"end":{"line":41,"column":26}},"23":{"start":{"line":43,"column":8},"end":{"line":43,"column":26}},"24":{"start":{"line":49,"column":6},"end":{"line":49,"column":23}},"25":{"start":{"line":53,"column":6},"end":{"line":64,"column":7}},"26":{"start":{"line":54,"column":8},"end":{"line":57,"column":9}},"27":{"start":{"line":55,"column":10},"end":{"line":55,"column":31}},"28":{"start":{"line":56,"column":10},"end":{"line":56,"column":16}},"29":{"start":{"line":58,"column":8},"end":{"line":63,"column":31}},"30":{"start":{"line":59,"column":10},"end":{"line":59,"column":26}},"31":{"start":{"line":60,"column":10},"end":{"line":60,"column":16}},"32":{"start":{"line":63,"column":10},"end":{"line":63,"column":31}},"33":{"start":{"line":70,"column":0},"end":{"line":72,"column":1}},"34":{"start":{"line":71,"column":2},"end":{"line":71,"column":24}},"35":{"start":{"line":73,"column":0},"end":{"line":75,"column":1}},"36":{"start":{"line":74,"column":2},"end":{"line":74,"column":24}},"37":{"start":{"line":79,"column":0},"end":{"line":82,"column":1}},"38":{"start":{"line":80,"column":2},"end":{"line":80,"column":34}},"39":{"start":{"line":86,"column":0},"end":{"line":88,"column":1}},"40":{"start":{"line":87,"column":2},"end":{"line":87,"column":17}},"41":{"start":{"line":92,"column":0},"end":{"line":92,"column":65}},"42":{"start":{"line":96,"column":0},"end":{"line":96,"column":33}},"43":{"start":{"line":99,"column":0},"end":{"line":99,"column":49}},"44":{"start":{"line":102,"column":0},"end":{"line":102,"column":34}}},"fnMap":{"0":{"name":"(anonymous_0)","decl":{"start":{"line":5,"column":2},"end":{"line":5,"column":3}},"loc":{"start":{"line":5,"column":33},"end":{"line":23,"column":3}},"line":5},"1":{"name":"updateBrie","decl":{"start":{"line":25,"column":9},"end":{"line":25,"column":19}},"loc":{"start":{"line":25,"column":26},"end":{"line":32,"column":1}},"line":25},"2":{"name":"updateTicket","decl":{"start":{"line":34,"column":9},"end":{"line":34,"column":21}},"loc":{"start":{"line":34,"column":28},"end":{"line":46,"column":5}},"line":34},"3":{"name":"decreaseSellin","decl":{"start":{"line":48,"column":9},"end":{"line":48,"column":23}},"loc":{"start":{"line":48,"column":30},"end":{"line":50,"column":5}},"line":48},"4":{"name":"pastSellBy","decl":{"start":{"line":52,"column":9},"end":{"line":52,"column":19}},"loc":{"start":{"line":52,"column":26},"end":{"line":65,"column":5}},"line":52},"5":{"name":"ticketValue","decl":{"start":{"line":69,"column":9},"end":{"line":69,"column":20}},"loc":{"start":{"line":69,"column":27},"end":{"line":76,"column":1}},"line":69},"6":{"name":"decreaseQuality","decl":{"start":{"line":78,"column":9},"end":{"line":78,"column":24}},"loc":{"start":{"line":78,"column":31},"end":{"line":83,"column":1}},"line":78},"7":{"name":"increaseQuality","decl":{"start":{"line":85,"column":9},"end":{"line":85,"column":24}},"loc":{"start":{"line":85,"column":31},"end":{"line":89,"column":1}},"line":85},"8":{"name":"isTicket","decl":{"start":{"line":91,"column":9},"end":{"line":91,"column":17}},"loc":{"start":{"line":91,"column":24},"end":{"line":93,"column":1}},"line":91},"9":{"name":"isBrie","decl":{"start":{"line":95,"column":9},"end":{"line":95,"column":15}},"loc":{"start":{"line":95,"column":22},"end":{"line":97,"column":1}},"line":95},"10":{"name":"isSulfuras","decl":{"start":{"line":98,"column":9},"end":{"line":98,"column":19}},"loc":{"start":{"line":98,"column":26},"end":{"line":100,"column":1}},"line":98}},"branchMap":{"0":{"loc":{"start":{"line":6,"column":4},"end":{"line":8,"column":5}},"type":"if","locations":[{"start":{"line":6,"column":4},"end":{"line":8,"column":5}},{"start":{"line":6,"column":4},"end":{"line":8,"column":5}}],"line":6},"1":{"loc":{"start":{"line":12,"column":4},"end":{"line":15,"column":5}},"type":"if","locations":[{"start":{"line":12,"column":4},"end":{"line":15,"column":5}},{"start":{"line":12,"column":4},"end":{"line":15,"column":5}}],"line":12},"2":{"loc":{"start":{"line":17,"column":4},"end":{"line":20,"column":5}},"type":"if","locations":[{"start":{"line":17,"column":4},"end":{"line":20,"column":5}},{"start":{"line":17,"column":4},"end":{"line":20,"column":5}}],"line":17},"3":{"loc":{"start":{"line":26,"column":2},"end":{"line":29,"column":3}},"type":"if","locations":[{"start":{"line":26,"column":2},"end":{"line":29,"column":3}},{"start":{"line":26,"column":2},"end":{"line":29,"column":3}}],"line":26},"4":{"loc":{"start":{"line":35,"column":6},"end":{"line":38,"column":7}},"type":"if","locations":[{"start":{"line":35,"column":6},"end":{"line":38,"column":7}},{"start":{"line":35,"column":6},"end":{"line":38,"column":7}}],"line":35},"5":{"loc":{"start":{"line":39,"column":6},"end":{"line":44,"column":7}},"type":"if","locations":[{"start":{"line":39,"column":6},"end":{"line":44,"column":7}},{"start":{"line":39,"column":6},"end":{"line":44,"column":7}}],"line":39},"6":{"loc":{"start":{"line":53,"column":6},"end":{"line":64,"column":7}},"type":"if","locations":[{"start":{"line":53,"column":6},"end":{"line":64,"column":7}},{"start":{"line":53,"column":6},"end":{"line":64,"column":7}}],"line":53},"7":{"loc":{"start":{"line":54,"column":8},"end":{"line":57,"column":9}},"type":"if","locations":[{"start":{"line":54,"column":8},"end":{"line":57,"column":9}},{"start":{"line":54,"column":8},"end":{"line":57,"column":9}}],"line":54},"8":{"loc":{"start":{"line":58,"column":8},"end":{"line":63,"column":31}},"type":"if","locations":[{"start":{"line":58,"column":8},"end":{"line":63,"column":31}},{"start":{"line":58,"column":8},"end":{"line":63,"column":31}}],"line":58},"9":{"loc":{"start":{"line":70,"column":0},"end":{"line":72,"column":1}},"type":"if","locations":[{"start":{"line":70,"column":0},"end":{"line":72,"column":1}},{"start":{"line":70,"column":0},"end":{"line":72,"column":1}}],"line":70},"10":{"loc":{"start":{"line":73,"column":0},"end":{"line":75,"column":1}},"type":"if","locations":[{"start":{"line":73,"column":0},"end":{"line":75,"column":1}},{"start":{"line":73,"column":0},"end":{"line":75,"column":1}}],"line":73},"11":{"loc":{"start":{"line":79,"column":0},"end":{"line":82,"column":1}},"type":"if","locations":[{"start":{"line":79,"column":0},"end":{"line":82,"column":1}},{"start":{"line":79,"column":0},"end":{"line":82,"column":1}}],"line":79},"12":{"loc":{"start":{"line":86,"column":0},"end":{"line":88,"column":1}},"type":"if","locations":[{"start":{"line":86,"column":0},"end":{"line":88,"column":1}},{"start":{"line":86,"column":0},"end":{"line":88,"column":1}}],"line":86}},"s":{"0":1,"1":11,"2":1,"3":10,"4":10,"5":5,"6":5,"7":5,"8":2,"9":2,"10":3,"11":3,"12":2,"13":1,"14":1,"15":1,"16":1,"17":5,"18":1,"19":1,"20":4,"21":3,"22":3,"23":1,"24":10,"25":3,"26":1,"27":0,"28":0,"29":1,"30":0,"31":0,"32":1,"33":3,"34":2,"35":3,"36":1,"37":4,"38":3,"39":3,"40":3,"41":11,"42":6,"43":11,"44":1},"f":{"0":11,"1":2,"2":5,"3":10,"4":3,"5":3,"6":4,"7":3,"8":11,"9":6,"10":11},"b":{"0":[1,10],"1":[5,5],"2":[2,3],"3":[1,1],"4":[1,4],"5":[3,1],"6":[1,2],"7":[0,1],"8":[0,1],"9":[2,1],"10":[1,2],"11":[3,1],"12":[3,0]},"_coverageSchema":"43e27e138ebf9cfc5966b082cf9a028302ed4184","hash":"8d131871d292c5ddc4015614b36931c0a740bd68"}
}
