TN:
SF:/Users/student/Makers/week10/GildedRose-Refactoring-Kata/js-jest/src/gilded_rose.js
FN:4,(anonymous_0)
FN:7,(anonymous_1)
FNF:2
FNH:2
FNDA:11,(anonymous_0)
FNDA:11,(anonymous_1)
DA:1,1
DA:5,11
DA:8,11
DA:10,11
DA:13,1
LF:5
LH:5
BRDA:4,0,0,0
BRF:1
BRH:0
end_of_record
TN:
SF:/Users/student/Makers/week10/GildedRose-Refactoring-Kata/js-jest/src/item.js
FN:2,(anonymous_0)
FNF:1
FNH:1
FNDA:11,(anonymous_0)
DA:3,11
DA:4,11
DA:5,11
DA:9,1
LF:4
LH:4
BRF:0
BRH:0
end_of_record
TN:
SF:/Users/student/Makers/week10/GildedRose-Refactoring-Kata/js-jest/src/updateItemQuality.js
FN:5,(anonymous_0)
FN:25,updateBrie
FN:34,updateTicket
FN:48,decreaseSellin
FN:52,pastSellBy
FN:69,ticketValue
FN:78,decreaseQuality
FN:85,increaseQuality
FN:91,isTicket
FN:95,isBrie
FN:98,isSulfuras
FNF:11
FNH:11
FNDA:11,(anonymous_0)
FNDA:2,updateBrie
FNDA:5,updateTicket
FNDA:10,decreaseSellin
FNDA:3,pastSellBy
FNDA:3,ticketValue
FNDA:4,decreaseQuality
FNDA:3,increaseQuality
FNDA:11,isTicket
FNDA:6,isBrie
FNDA:11,isSulfuras
DA:1,1
DA:6,11
DA:7,1
DA:9,10
DA:12,10
DA:13,5
DA:14,5
DA:17,5
DA:18,2
DA:19,2
DA:21,3
DA:22,3
DA:26,2
DA:27,1
DA:28,1
DA:30,1
DA:31,1
DA:35,5
DA:36,1
DA:37,1
DA:39,4
DA:40,3
DA:41,3
DA:43,1
DA:49,10
DA:53,3
DA:54,1
DA:55,0
DA:56,0
DA:58,1
DA:59,0
DA:60,0
DA:63,1
DA:70,3
DA:71,2
DA:73,3
DA:74,1
DA:79,4
DA:80,3
DA:86,3
DA:87,3
DA:92,11
DA:96,6
DA:99,11
DA:102,1
LF:45
LH:41
BRDA:6,0,0,1
BRDA:6,0,1,10
BRDA:12,1,0,5
BRDA:12,1,1,5
BRDA:17,2,0,2
BRDA:17,2,1,3
BRDA:26,3,0,1
BRDA:26,3,1,1
BRDA:35,4,0,1
BRDA:35,4,1,4
BRDA:39,5,0,3
BRDA:39,5,1,1
BRDA:53,6,0,1
BRDA:53,6,1,2
BRDA:54,7,0,0
BRDA:54,7,1,1
BRDA:58,8,0,0
BRDA:58,8,1,1
BRDA:70,9,0,2
BRDA:70,9,1,1
BRDA:73,10,0,1
BRDA:73,10,1,2
BRDA:79,11,0,3
BRDA:79,11,1,1
BRDA:86,12,0,3
BRDA:86,12,1,0
BRF:26
BRH:23
end_of_record
